# JRE version: Java(TM) SE Runtime Environment (15.0.1+9) (build 15.0.1+9-18)
# Java VM: Java HotSpot(TM) 64-Bit Server VM (15.0.1+9-18, mixed mode, sharing, tiered, compressed oops, g1 gc, windows-amd64)
GC Precious Log:
 CPUs: 8 total, 8 available
 Memory: 8034M
 Large Page Support: Disabled
 NUMA Support: Disabled
 Compressed Oops: Enabled (32-bit)
 Heap Region Size: 1M
 Heap Min Capacity: 8M
 Heap Initial Capacity: 126M
 Heap Max Capacity: 2G
 Pre-touch: Disabled
 Parallel Workers: 8
 Concurrent Workers: 2
 Concurrent Refinement Workers: 8
 Periodic GC: Disabled
Heap:
 garbage-first heap   total 86016K, used 38178K [0x0000000080000000, 0x0000000100000000)
  region size 1024K, 18 young (18432K), 3 survivors (3072K)
 Metaspace       used 31389K, capacity 32106K, committed 32176K, reserved 544768K
  class space    used 4352K, capacity 4580K, committed 4608K, reserved 516096K
GC Heap History (10 events):
Event: 1.569 GC heap before
{Heap before GC invocations=0 (full 0):
 garbage-first heap   total 129024K, used 28672K [0x0000000080000000, 0x0000000100000000)
  region size 1024K, 23 young (23552K), 0 survivors (0K)
 Metaspace       used 3319K, capacity 6150K, committed 6400K, reserved 524288K
  class space    used 412K, capacity 706K, committed 768K, reserved 516096K
}
Event: 1.617 GC heap after
{Heap after GC invocations=1 (full 0):
 garbage-first heap   total 129024K, used 9341K [0x0000000080000000, 0x0000000100000000)
  region size 1024K, 3 young (3072K), 3 survivors (3072K)
 Metaspace       used 3319K, capacity 6150K, committed 6400K, reserved 524288K
  class space    used 412K, capacity 706K, committed 768K, reserved 516096K
}
Event: 2.445 GC heap before
{Heap before GC invocations=1 (full 0):
 garbage-first heap   total 129024K, used 34941K [0x0000000080000000, 0x0000000100000000)
  region size 1024K, 28 young (28672K), 3 survivors (3072K)
 Metaspace       used 4241K, capacity 6665K, committed 7040K, reserved 524288K
  class space    used 507K, capacity 771K, committed 896K, reserved 516096K
}
Event: 2.452 GC heap after
{Heap after GC invocations=2 (full 0):
 garbage-first heap   total 129024K, used 10085K [0x0000000080000000, 0x0000000100000000)
  region size 1024K, 1 young (1024K), 1 survivors (1024K)
 Metaspace       used 4241K, capacity 6665K, committed 7040K, reserved 524288K
  class space    used 507K, capacity 771K, committed 896K, reserved 516096K
}
Event: 6.573 GC heap before
{Heap before GC invocations=2 (full 0):
 garbage-first heap   total 129024K, used 85861K [0x0000000080000000, 0x0000000100000000)
  region size 1024K, 75 young (76800K), 1 survivors (1024K)
 Metaspace       used 16351K, capacity 16756K, committed 16896K, reserved 530432K
  class space    used 2307K, capacity 2473K, committed 2560K, reserved 516096K
}
Event: 6.592 GC heap after
{Heap after GC invocations=3 (full 0):
 garbage-first heap   total 129024K, used 18413K [0x0000000080000000, 0x0000000100000000)
  region size 1024K, 9 young (9216K), 9 survivors (9216K)
 Metaspace       used 16351K, capacity 16756K, committed 16896K, reserved 530432K
  class space    used 2307K, capacity 2473K, committed 2560K, reserved 516096K
}
Event: 7.434 GC heap before
{Heap before GC invocations=3 (full 0):
 garbage-first heap   total 129024K, used 47085K [0x0000000080000000, 0x0000000100000000)
  region size 1024K, 38 young (38912K), 9 survivors (9216K)
 Metaspace       used 20662K, capacity 21123K, committed 21296K, reserved 534528K
  class space    used 2949K, capacity 3113K, committed 3200K, reserved 516096K
}
Event: 7.441 GC heap after
{Heap after GC invocations=4 (full 0):
 garbage-first heap   total 129024K, used 23872K [0x0000000080000000, 0x0000000100000000)
  region size 1024K, 6 young (6144K), 6 survivors (6144K)
 Metaspace       used 20662K, capacity 21123K, committed 21296K, reserved 534528K
  class space    used 2949K, capacity 3113K, committed 3200K, reserved 516096K
}
Event: 8.696 GC heap before
{Heap before GC invocations=5 (full 0):
 garbage-first heap   total 86016K, used 68928K [0x0000000080000000, 0x0000000100000000)
  region size 1024K, 50 young (51200K), 6 survivors (6144K)
 Metaspace       used 27129K, capacity 27810K, committed 27824K, reserved 540672K
  class space    used 3899K, capacity 4085K, committed 4096K, reserved 516096K
}
Event: 8.701 GC heap after
{Heap after GC invocations=6 (full 0):
 garbage-first heap   total 86016K, used 23842K [0x0000000080000000, 0x0000000100000000)
  region size 1024K, 3 young (3072K), 3 survivors (3072K)
 Metaspace       used 27129K, capacity 27810K, committed 27824K, reserved 540672K
  class space    used 3899K, capacity 4085K, committed 4096K, reserved 516096K
}

